<?xml version="1.0" encoding="UTF-8"?>
<testsuite xmlns:xsi="http://www.w3.org/2001/XMLSchema-instance" xsi:noNamespaceSchemaLocation="https://maven.apache.org/surefire/maven-surefire-plugin/xsd/surefire-test-report.xsd" name="com.github.erdragh.app.AppTest" time="0.058" tests="1" errors="0" skipped="0" failures="0">
  <properties>
    <property name="java.specification.version" value="17"/>
    <property name="sun.cpu.isalist" value="amd64"/>
    <property name="sun.jnu.encoding" value="Cp1252"/>
    <property name="java.class.path" value="C:\Users\schoo\Documents\GitHub\LWJGL-OpenGL-Engine\lwjgl-opengl-engine\target\test-classes;C:\Users\schoo\Documents\GitHub\LWJGL-OpenGL-Engine\lwjgl-opengl-engine\target\classes;C:\Users\schoo\.m2\repository\junit\junit\4.11\junit-4.11.jar;C:\Users\schoo\.m2\repository\org\hamcrest\hamcrest-core\1.3\hamcrest-core-1.3.jar;C:\Users\schoo\.m2\repository\org\lwjgl\lwjgl\3.3.1\lwjgl-3.3.1.jar;C:\Users\schoo\.m2\repository\org\lwjgl\lwjgl-assimp\3.3.1\lwjgl-assimp-3.3.1.jar;C:\Users\schoo\.m2\repository\org\lwjgl\lwjgl-bgfx\3.3.1\lwjgl-bgfx-3.3.1.jar;C:\Users\schoo\.m2\repository\org\lwjgl\lwjgl-cuda\3.3.1\lwjgl-cuda-3.3.1.jar;C:\Users\schoo\.m2\repository\org\lwjgl\lwjgl-egl\3.3.1\lwjgl-egl-3.3.1.jar;C:\Users\schoo\.m2\repository\org\lwjgl\lwjgl-glfw\3.3.1\lwjgl-glfw-3.3.1.jar;C:\Users\schoo\.m2\repository\org\lwjgl\lwjgl-jawt\3.3.1\lwjgl-jawt-3.3.1.jar;C:\Users\schoo\.m2\repository\org\lwjgl\lwjgl-jemalloc\3.3.1\lwjgl-jemalloc-3.3.1.jar;C:\Users\schoo\.m2\repository\org\lwjgl\lwjgl-libdivide\3.3.1\lwjgl-libdivide-3.3.1.jar;C:\Users\schoo\.m2\repository\org\lwjgl\lwjgl-llvm\3.3.1\lwjgl-llvm-3.3.1.jar;C:\Users\schoo\.m2\repository\org\lwjgl\lwjgl-lmdb\3.3.1\lwjgl-lmdb-3.3.1.jar;C:\Users\schoo\.m2\repository\org\lwjgl\lwjgl-lz4\3.3.1\lwjgl-lz4-3.3.1.jar;C:\Users\schoo\.m2\repository\org\lwjgl\lwjgl-meow\3.3.1\lwjgl-meow-3.3.1.jar;C:\Users\schoo\.m2\repository\org\lwjgl\lwjgl-meshoptimizer\3.3.1\lwjgl-meshoptimizer-3.3.1.jar;C:\Users\schoo\.m2\repository\org\lwjgl\lwjgl-nanovg\3.3.1\lwjgl-nanovg-3.3.1.jar;C:\Users\schoo\.m2\repository\org\lwjgl\lwjgl-nfd\3.3.1\lwjgl-nfd-3.3.1.jar;C:\Users\schoo\.m2\repository\org\lwjgl\lwjgl-nuklear\3.3.1\lwjgl-nuklear-3.3.1.jar;C:\Users\schoo\.m2\repository\org\lwjgl\lwjgl-odbc\3.3.1\lwjgl-odbc-3.3.1.jar;C:\Users\schoo\.m2\repository\org\lwjgl\lwjgl-openal\3.3.1\lwjgl-openal-3.3.1.jar;C:\Users\schoo\.m2\repository\org\lwjgl\lwjgl-opencl\3.3.1\lwjgl-opencl-3.3.1.jar;C:\Users\schoo\.m2\repository\org\lwjgl\lwjgl-opengl\3.3.1\lwjgl-opengl-3.3.1.jar;C:\Users\schoo\.m2\repository\org\lwjgl\lwjgl-opengles\3.3.1\lwjgl-opengles-3.3.1.jar;C:\Users\schoo\.m2\repository\org\lwjgl\lwjgl-openvr\3.3.1\lwjgl-openvr-3.3.1.jar;C:\Users\schoo\.m2\repository\org\lwjgl\lwjgl-openxr\3.3.1\lwjgl-openxr-3.3.1.jar;C:\Users\schoo\.m2\repository\org\lwjgl\lwjgl-opus\3.3.1\lwjgl-opus-3.3.1.jar;C:\Users\schoo\.m2\repository\org\lwjgl\lwjgl-ovr\3.3.1\lwjgl-ovr-3.3.1.jar;C:\Users\schoo\.m2\repository\org\lwjgl\lwjgl-par\3.3.1\lwjgl-par-3.3.1.jar;C:\Users\schoo\.m2\repository\org\lwjgl\lwjgl-remotery\3.3.1\lwjgl-remotery-3.3.1.jar;C:\Users\schoo\.m2\repository\org\lwjgl\lwjgl-rpmalloc\3.3.1\lwjgl-rpmalloc-3.3.1.jar;C:\Users\schoo\.m2\repository\org\lwjgl\lwjgl-shaderc\3.3.1\lwjgl-shaderc-3.3.1.jar;C:\Users\schoo\.m2\repository\org\lwjgl\lwjgl-spvc\3.3.1\lwjgl-spvc-3.3.1.jar;C:\Users\schoo\.m2\repository\org\lwjgl\lwjgl-sse\3.3.1\lwjgl-sse-3.3.1.jar;C:\Users\schoo\.m2\repository\org\lwjgl\lwjgl-stb\3.3.1\lwjgl-stb-3.3.1.jar;C:\Users\schoo\.m2\repository\org\lwjgl\lwjgl-tinyexr\3.3.1\lwjgl-tinyexr-3.3.1.jar;C:\Users\schoo\.m2\repository\org\lwjgl\lwjgl-tinyfd\3.3.1\lwjgl-tinyfd-3.3.1.jar;C:\Users\schoo\.m2\repository\org\lwjgl\lwjgl-tootle\3.3.1\lwjgl-tootle-3.3.1.jar;C:\Users\schoo\.m2\repository\org\lwjgl\lwjgl-vma\3.3.1\lwjgl-vma-3.3.1.jar;C:\Users\schoo\.m2\repository\org\lwjgl\lwjgl-vulkan\3.3.1\lwjgl-vulkan-3.3.1.jar;C:\Users\schoo\.m2\repository\org\lwjgl\lwjgl-xxhash\3.3.1\lwjgl-xxhash-3.3.1.jar;C:\Users\schoo\.m2\repository\org\lwjgl\lwjgl-yoga\3.3.1\lwjgl-yoga-3.3.1.jar;C:\Users\schoo\.m2\repository\org\lwjgl\lwjgl-zstd\3.3.1\lwjgl-zstd-3.3.1.jar;C:\Users\schoo\.m2\repository\org\lwjgl\lwjgl\3.3.1\lwjgl-3.3.1-natives-windows.jar;C:\Users\schoo\.m2\repository\org\lwjgl\lwjgl-assimp\3.3.1\lwjgl-assimp-3.3.1-natives-windows.jar;C:\Users\schoo\.m2\repository\org\lwjgl\lwjgl-bgfx\3.3.1\lwjgl-bgfx-3.3.1-natives-windows.jar;C:\Users\schoo\.m2\repository\org\lwjgl\lwjgl-glfw\3.3.1\lwjgl-glfw-3.3.1-natives-windows.jar;C:\Users\schoo\.m2\repository\org\lwjgl\lwjgl-jemalloc\3.3.1\lwjgl-jemalloc-3.3.1-natives-windows.jar;C:\Users\schoo\.m2\repository\org\lwjgl\lwjgl-libdivide\3.3.1\lwjgl-libdivide-3.3.1-natives-windows.jar;C:\Users\schoo\.m2\repository\org\lwjgl\lwjgl-llvm\3.3.1\lwjgl-llvm-3.3.1-natives-windows.jar;C:\Users\schoo\.m2\repository\org\lwjgl\lwjgl-lmdb\3.3.1\lwjgl-lmdb-3.3.1-natives-windows.jar;C:\Users\schoo\.m2\repository\org\lwjgl\lwjgl-lz4\3.3.1\lwjgl-lz4-3.3.1-natives-windows.jar;C:\Users\schoo\.m2\repository\org\lwjgl\lwjgl-meow\3.3.1\lwjgl-meow-3.3.1-natives-windows.jar;C:\Users\schoo\.m2\repository\org\lwjgl\lwjgl-meshoptimizer\3.3.1\lwjgl-meshoptimizer-3.3.1-natives-windows.jar;C:\Users\schoo\.m2\repository\org\lwjgl\lwjgl-nanovg\3.3.1\lwjgl-nanovg-3.3.1-natives-windows.jar;C:\Users\schoo\.m2\repository\org\lwjgl\lwjgl-nfd\3.3.1\lwjgl-nfd-3.3.1-natives-windows.jar;C:\Users\schoo\.m2\repository\org\lwjgl\lwjgl-nuklear\3.3.1\lwjgl-nuklear-3.3.1-natives-windows.jar;C:\Users\schoo\.m2\repository\org\lwjgl\lwjgl-openal\3.3.1\lwjgl-openal-3.3.1-natives-windows.jar;C:\Users\schoo\.m2\repository\org\lwjgl\lwjgl-opengl\3.3.1\lwjgl-opengl-3.3.1-natives-windows.jar;C:\Users\schoo\.m2\repository\org\lwjgl\lwjgl-opengles\3.3.1\lwjgl-opengles-3.3.1-natives-windows.jar;C:\Users\schoo\.m2\repository\org\lwjgl\lwjgl-openvr\3.3.1\lwjgl-openvr-3.3.1-natives-windows.jar;C:\Users\schoo\.m2\repository\org\lwjgl\lwjgl-openxr\3.3.1\lwjgl-openxr-3.3.1-natives-windows.jar;C:\Users\schoo\.m2\repository\org\lwjgl\lwjgl-opus\3.3.1\lwjgl-opus-3.3.1-natives-windows.jar;C:\Users\schoo\.m2\repository\org\lwjgl\lwjgl-ovr\3.3.1\lwjgl-ovr-3.3.1-natives-windows.jar;C:\Users\schoo\.m2\repository\org\lwjgl\lwjgl-par\3.3.1\lwjgl-par-3.3.1-natives-windows.jar;C:\Users\schoo\.m2\repository\org\lwjgl\lwjgl-remotery\3.3.1\lwjgl-remotery-3.3.1-natives-windows.jar;C:\Users\schoo\.m2\repository\org\lwjgl\lwjgl-rpmalloc\3.3.1\lwjgl-rpmalloc-3.3.1-natives-windows.jar;C:\Users\schoo\.m2\repository\org\lwjgl\lwjgl-shaderc\3.3.1\lwjgl-shaderc-3.3.1-natives-windows.jar;C:\Users\schoo\.m2\repository\org\lwjgl\lwjgl-spvc\3.3.1\lwjgl-spvc-3.3.1-natives-windows.jar;C:\Users\schoo\.m2\repository\org\lwjgl\lwjgl-sse\3.3.1\lwjgl-sse-3.3.1-natives-windows.jar;C:\Users\schoo\.m2\repository\org\lwjgl\lwjgl-stb\3.3.1\lwjgl-stb-3.3.1-natives-windows.jar;C:\Users\schoo\.m2\repository\org\lwjgl\lwjgl-tinyexr\3.3.1\lwjgl-tinyexr-3.3.1-natives-windows.jar;C:\Users\schoo\.m2\repository\org\lwjgl\lwjgl-tinyfd\3.3.1\lwjgl-tinyfd-3.3.1-natives-windows.jar;C:\Users\schoo\.m2\repository\org\lwjgl\lwjgl-tootle\3.3.1\lwjgl-tootle-3.3.1-natives-windows.jar;C:\Users\schoo\.m2\repository\org\lwjgl\lwjgl-vma\3.3.1\lwjgl-vma-3.3.1-natives-windows.jar;C:\Users\schoo\.m2\repository\org\lwjgl\lwjgl-xxhash\3.3.1\lwjgl-xxhash-3.3.1-natives-windows.jar;C:\Users\schoo\.m2\repository\org\lwjgl\lwjgl-yoga\3.3.1\lwjgl-yoga-3.3.1-natives-windows.jar;C:\Users\schoo\.m2\repository\org\lwjgl\lwjgl-zstd\3.3.1\lwjgl-zstd-3.3.1-natives-windows.jar;C:\Users\schoo\.m2\repository\org\joml\joml\1.10.4\joml-1.10.4.jar;C:\Users\schoo\.m2\repository\org\lwjglx\lwjgl3-awt\0.1.8\lwjgl3-awt-0.1.8.jar;C:\Users\schoo\.m2\repository\com\code-disaster\steamworks4j\steamworks4j\1.8.0\steamworks4j-1.8.0.jar;C:\Users\schoo\.m2\repository\com\code-disaster\steamworks4j\steamworks4j-server\1.8.0\steamworks4j-server-1.8.0.jar;"/>
    <property name="java.vm.vendor" value="Oracle Corporation"/>
    <property name="sun.arch.data.model" value="64"/>
    <property name="user.variant" value=""/>
    <property name="java.vendor.url" value="https://java.oracle.com/"/>
    <property name="user.timezone" value="Europe/Berlin"/>
    <property name="user.country.format" value="DE"/>
    <property name="os.name" value="Windows 10"/>
    <property name="java.vm.specification.version" value="17"/>
    <property name="sun.java.launcher" value="SUN_STANDARD"/>
    <property name="user.country" value="US"/>
    <property name="sun.boot.library.path" value="C:\Users\schoo\java\jdk-17.0.1\bin"/>
    <property name="sun.java.command" value="C:\Users\schoo\AppData\Local\Temp\surefire18222859553230346489\surefirebooter8518653140934754831.jar C:\Users\schoo\AppData\Local\Temp\surefire18222859553230346489 2022-03-10T13-17-53_293-jvmRun1 surefire5202687797111510882tmp surefire_03611953885827009535tmp"/>
    <property name="jdk.debug" value="release"/>
    <property name="surefire.test.class.path" value="C:\Users\schoo\Documents\GitHub\LWJGL-OpenGL-Engine\lwjgl-opengl-engine\target\test-classes;C:\Users\schoo\Documents\GitHub\LWJGL-OpenGL-Engine\lwjgl-opengl-engine\target\classes;C:\Users\schoo\.m2\repository\junit\junit\4.11\junit-4.11.jar;C:\Users\schoo\.m2\repository\org\hamcrest\hamcrest-core\1.3\hamcrest-core-1.3.jar;C:\Users\schoo\.m2\repository\org\lwjgl\lwjgl\3.3.1\lwjgl-3.3.1.jar;C:\Users\schoo\.m2\repository\org\lwjgl\lwjgl-assimp\3.3.1\lwjgl-assimp-3.3.1.jar;C:\Users\schoo\.m2\repository\org\lwjgl\lwjgl-bgfx\3.3.1\lwjgl-bgfx-3.3.1.jar;C:\Users\schoo\.m2\repository\org\lwjgl\lwjgl-cuda\3.3.1\lwjgl-cuda-3.3.1.jar;C:\Users\schoo\.m2\repository\org\lwjgl\lwjgl-egl\3.3.1\lwjgl-egl-3.3.1.jar;C:\Users\schoo\.m2\repository\org\lwjgl\lwjgl-glfw\3.3.1\lwjgl-glfw-3.3.1.jar;C:\Users\schoo\.m2\repository\org\lwjgl\lwjgl-jawt\3.3.1\lwjgl-jawt-3.3.1.jar;C:\Users\schoo\.m2\repository\org\lwjgl\lwjgl-jemalloc\3.3.1\lwjgl-jemalloc-3.3.1.jar;C:\Users\schoo\.m2\repository\org\lwjgl\lwjgl-libdivide\3.3.1\lwjgl-libdivide-3.3.1.jar;C:\Users\schoo\.m2\repository\org\lwjgl\lwjgl-llvm\3.3.1\lwjgl-llvm-3.3.1.jar;C:\Users\schoo\.m2\repository\org\lwjgl\lwjgl-lmdb\3.3.1\lwjgl-lmdb-3.3.1.jar;C:\Users\schoo\.m2\repository\org\lwjgl\lwjgl-lz4\3.3.1\lwjgl-lz4-3.3.1.jar;C:\Users\schoo\.m2\repository\org\lwjgl\lwjgl-meow\3.3.1\lwjgl-meow-3.3.1.jar;C:\Users\schoo\.m2\repository\org\lwjgl\lwjgl-meshoptimizer\3.3.1\lwjgl-meshoptimizer-3.3.1.jar;C:\Users\schoo\.m2\repository\org\lwjgl\lwjgl-nanovg\3.3.1\lwjgl-nanovg-3.3.1.jar;C:\Users\schoo\.m2\repository\org\lwjgl\lwjgl-nfd\3.3.1\lwjgl-nfd-3.3.1.jar;C:\Users\schoo\.m2\repository\org\lwjgl\lwjgl-nuklear\3.3.1\lwjgl-nuklear-3.3.1.jar;C:\Users\schoo\.m2\repository\org\lwjgl\lwjgl-odbc\3.3.1\lwjgl-odbc-3.3.1.jar;C:\Users\schoo\.m2\repository\org\lwjgl\lwjgl-openal\3.3.1\lwjgl-openal-3.3.1.jar;C:\Users\schoo\.m2\repository\org\lwjgl\lwjgl-opencl\3.3.1\lwjgl-opencl-3.3.1.jar;C:\Users\schoo\.m2\repository\org\lwjgl\lwjgl-opengl\3.3.1\lwjgl-opengl-3.3.1.jar;C:\Users\schoo\.m2\repository\org\lwjgl\lwjgl-opengles\3.3.1\lwjgl-opengles-3.3.1.jar;C:\Users\schoo\.m2\repository\org\lwjgl\lwjgl-openvr\3.3.1\lwjgl-openvr-3.3.1.jar;C:\Users\schoo\.m2\repository\org\lwjgl\lwjgl-openxr\3.3.1\lwjgl-openxr-3.3.1.jar;C:\Users\schoo\.m2\repository\org\lwjgl\lwjgl-opus\3.3.1\lwjgl-opus-3.3.1.jar;C:\Users\schoo\.m2\repository\org\lwjgl\lwjgl-ovr\3.3.1\lwjgl-ovr-3.3.1.jar;C:\Users\schoo\.m2\repository\org\lwjgl\lwjgl-par\3.3.1\lwjgl-par-3.3.1.jar;C:\Users\schoo\.m2\repository\org\lwjgl\lwjgl-remotery\3.3.1\lwjgl-remotery-3.3.1.jar;C:\Users\schoo\.m2\repository\org\lwjgl\lwjgl-rpmalloc\3.3.1\lwjgl-rpmalloc-3.3.1.jar;C:\Users\schoo\.m2\repository\org\lwjgl\lwjgl-shaderc\3.3.1\lwjgl-shaderc-3.3.1.jar;C:\Users\schoo\.m2\repository\org\lwjgl\lwjgl-spvc\3.3.1\lwjgl-spvc-3.3.1.jar;C:\Users\schoo\.m2\repository\org\lwjgl\lwjgl-sse\3.3.1\lwjgl-sse-3.3.1.jar;C:\Users\schoo\.m2\repository\org\lwjgl\lwjgl-stb\3.3.1\lwjgl-stb-3.3.1.jar;C:\Users\schoo\.m2\repository\org\lwjgl\lwjgl-tinyexr\3.3.1\lwjgl-tinyexr-3.3.1.jar;C:\Users\schoo\.m2\repository\org\lwjgl\lwjgl-tinyfd\3.3.1\lwjgl-tinyfd-3.3.1.jar;C:\Users\schoo\.m2\repository\org\lwjgl\lwjgl-tootle\3.3.1\lwjgl-tootle-3.3.1.jar;C:\Users\schoo\.m2\repository\org\lwjgl\lwjgl-vma\3.3.1\lwjgl-vma-3.3.1.jar;C:\Users\schoo\.m2\repository\org\lwjgl\lwjgl-vulkan\3.3.1\lwjgl-vulkan-3.3.1.jar;C:\Users\schoo\.m2\repository\org\lwjgl\lwjgl-xxhash\3.3.1\lwjgl-xxhash-3.3.1.jar;C:\Users\schoo\.m2\repository\org\lwjgl\lwjgl-yoga\3.3.1\lwjgl-yoga-3.3.1.jar;C:\Users\schoo\.m2\repository\org\lwjgl\lwjgl-zstd\3.3.1\lwjgl-zstd-3.3.1.jar;C:\Users\schoo\.m2\repository\org\lwjgl\lwjgl\3.3.1\lwjgl-3.3.1-natives-windows.jar;C:\Users\schoo\.m2\repository\org\lwjgl\lwjgl-assimp\3.3.1\lwjgl-assimp-3.3.1-natives-windows.jar;C:\Users\schoo\.m2\repository\org\lwjgl\lwjgl-bgfx\3.3.1\lwjgl-bgfx-3.3.1-natives-windows.jar;C:\Users\schoo\.m2\repository\org\lwjgl\lwjgl-glfw\3.3.1\lwjgl-glfw-3.3.1-natives-windows.jar;C:\Users\schoo\.m2\repository\org\lwjgl\lwjgl-jemalloc\3.3.1\lwjgl-jemalloc-3.3.1-natives-windows.jar;C:\Users\schoo\.m2\repository\org\lwjgl\lwjgl-libdivide\3.3.1\lwjgl-libdivide-3.3.1-natives-windows.jar;C:\Users\schoo\.m2\repository\org\lwjgl\lwjgl-llvm\3.3.1\lwjgl-llvm-3.3.1-natives-windows.jar;C:\Users\schoo\.m2\repository\org\lwjgl\lwjgl-lmdb\3.3.1\lwjgl-lmdb-3.3.1-natives-windows.jar;C:\Users\schoo\.m2\repository\org\lwjgl\lwjgl-lz4\3.3.1\lwjgl-lz4-3.3.1-natives-windows.jar;C:\Users\schoo\.m2\repository\org\lwjgl\lwjgl-meow\3.3.1\lwjgl-meow-3.3.1-natives-windows.jar;C:\Users\schoo\.m2\repository\org\lwjgl\lwjgl-meshoptimizer\3.3.1\lwjgl-meshoptimizer-3.3.1-natives-windows.jar;C:\Users\schoo\.m2\repository\org\lwjgl\lwjgl-nanovg\3.3.1\lwjgl-nanovg-3.3.1-natives-windows.jar;C:\Users\schoo\.m2\repository\org\lwjgl\lwjgl-nfd\3.3.1\lwjgl-nfd-3.3.1-natives-windows.jar;C:\Users\schoo\.m2\repository\org\lwjgl\lwjgl-nuklear\3.3.1\lwjgl-nuklear-3.3.1-natives-windows.jar;C:\Users\schoo\.m2\repository\org\lwjgl\lwjgl-openal\3.3.1\lwjgl-openal-3.3.1-natives-windows.jar;C:\Users\schoo\.m2\repository\org\lwjgl\lwjgl-opengl\3.3.1\lwjgl-opengl-3.3.1-natives-windows.jar;C:\Users\schoo\.m2\repository\org\lwjgl\lwjgl-opengles\3.3.1\lwjgl-opengles-3.3.1-natives-windows.jar;C:\Users\schoo\.m2\repository\org\lwjgl\lwjgl-openvr\3.3.1\lwjgl-openvr-3.3.1-natives-windows.jar;C:\Users\schoo\.m2\repository\org\lwjgl\lwjgl-openxr\3.3.1\lwjgl-openxr-3.3.1-natives-windows.jar;C:\Users\schoo\.m2\repository\org\lwjgl\lwjgl-opus\3.3.1\lwjgl-opus-3.3.1-natives-windows.jar;C:\Users\schoo\.m2\repository\org\lwjgl\lwjgl-ovr\3.3.1\lwjgl-ovr-3.3.1-natives-windows.jar;C:\Users\schoo\.m2\repository\org\lwjgl\lwjgl-par\3.3.1\lwjgl-par-3.3.1-natives-windows.jar;C:\Users\schoo\.m2\repository\org\lwjgl\lwjgl-remotery\3.3.1\lwjgl-remotery-3.3.1-natives-windows.jar;C:\Users\schoo\.m2\repository\org\lwjgl\lwjgl-rpmalloc\3.3.1\lwjgl-rpmalloc-3.3.1-natives-windows.jar;C:\Users\schoo\.m2\repository\org\lwjgl\lwjgl-shaderc\3.3.1\lwjgl-shaderc-3.3.1-natives-windows.jar;C:\Users\schoo\.m2\repository\org\lwjgl\lwjgl-spvc\3.3.1\lwjgl-spvc-3.3.1-natives-windows.jar;C:\Users\schoo\.m2\repository\org\lwjgl\lwjgl-sse\3.3.1\lwjgl-sse-3.3.1-natives-windows.jar;C:\Users\schoo\.m2\repository\org\lwjgl\lwjgl-stb\3.3.1\lwjgl-stb-3.3.1-natives-windows.jar;C:\Users\schoo\.m2\repository\org\lwjgl\lwjgl-tinyexr\3.3.1\lwjgl-tinyexr-3.3.1-natives-windows.jar;C:\Users\schoo\.m2\repository\org\lwjgl\lwjgl-tinyfd\3.3.1\lwjgl-tinyfd-3.3.1-natives-windows.jar;C:\Users\schoo\.m2\repository\org\lwjgl\lwjgl-tootle\3.3.1\lwjgl-tootle-3.3.1-natives-windows.jar;C:\Users\schoo\.m2\repository\org\lwjgl\lwjgl-vma\3.3.1\lwjgl-vma-3.3.1-natives-windows.jar;C:\Users\schoo\.m2\repository\org\lwjgl\lwjgl-xxhash\3.3.1\lwjgl-xxhash-3.3.1-natives-windows.jar;C:\Users\schoo\.m2\repository\org\lwjgl\lwjgl-yoga\3.3.1\lwjgl-yoga-3.3.1-natives-windows.jar;C:\Users\schoo\.m2\repository\org\lwjgl\lwjgl-zstd\3.3.1\lwjgl-zstd-3.3.1-natives-windows.jar;C:\Users\schoo\.m2\repository\org\joml\joml\1.10.4\joml-1.10.4.jar;C:\Users\schoo\.m2\repository\org\lwjglx\lwjgl3-awt\0.1.8\lwjgl3-awt-0.1.8.jar;C:\Users\schoo\.m2\repository\com\code-disaster\steamworks4j\steamworks4j\1.8.0\steamworks4j-1.8.0.jar;C:\Users\schoo\.m2\repository\com\code-disaster\steamworks4j\steamworks4j-server\1.8.0\steamworks4j-server-1.8.0.jar;"/>
    <property name="sun.cpu.endian" value="little"/>
    <property name="user.home" value="C:\Users\schoo"/>
    <property name="user.language" value="en"/>
    <property name="java.specification.vendor" value="Oracle Corporation"/>
    <property name="java.version.date" value="2021-10-19"/>
    <property name="java.home" value="C:\Users\schoo\java\jdk-17.0.1"/>
    <property name="file.separator" value="\"/>
    <property name="basedir" value="C:\Users\schoo\Documents\GitHub\LWJGL-OpenGL-Engine\lwjgl-opengl-engine"/>
    <property name="java.vm.compressedOopsMode" value="Zero based"/>
    <property name="line.separator" value="&#10;"/>
    <property name="java.vm.specification.vendor" value="Oracle Corporation"/>
    <property name="java.specification.name" value="Java Platform API Specification"/>
    <property name="surefire.real.class.path" value="C:\Users\schoo\AppData\Local\Temp\surefire18222859553230346489\surefirebooter8518653140934754831.jar"/>
    <property name="user.script" value=""/>
    <property name="sun.management.compiler" value="HotSpot 64-Bit Tiered Compilers"/>
    <property name="java.runtime.version" value="17.0.1+12-39"/>
    <property name="user.name" value="schoo"/>
    <property name="path.separator" value=";"/>
    <property name="os.version" value="10.0"/>
    <property name="java.runtime.name" value="OpenJDK Runtime Environment"/>
    <property name="file.encoding" value="UTF-8"/>
    <property name="java.vm.name" value="OpenJDK 64-Bit Server VM"/>
    <property name="localRepository" value="C:\Users\schoo\.m2\repository"/>
    <property name="java.vendor.url.bug" value="https://bugreport.java.com/bugreport/"/>
    <property name="java.io.tmpdir" value="C:\Users\schoo\AppData\Local\Temp\"/>
    <property name="java.version" value="17.0.1"/>
    <property name="user.dir" value="C:\Users\schoo\Documents\GitHub\LWJGL-OpenGL-Engine\lwjgl-opengl-engine"/>
    <property name="os.arch" value="amd64"/>
    <property name="java.vm.specification.name" value="Java Virtual Machine Specification"/>
    <property name="sun.os.patch.level" value=""/>
    <property name="native.encoding" value="UTF-8"/>
    <property name="java.library.path" value="C:\Users\schoo\java\jdk-17.0.1\bin;C:\WINDOWS\Sun\Java\bin;C:\WINDOWS\system32;C:\WINDOWS;C:\Program Files\Microsoft MPI\Bin\;C:\Users\schoo\java\jdk-17.0.1\bin\;C:\WINDOWS\system32;C:\WINDOWS;C:\WINDOWS\System32\Wbem;C:\WINDOWS\System32\WindowsPowerShell\v1.0\;C:\WINDOWS\System32\OpenSSH\;C:\xampp\php;C:\ProgramData\ComposerSetup\bin;C:\Program Files\NVIDIA Corporation\NVIDIA NvDLISR;C:\Program Files (x86)\NVIDIA Corporation\PhysX\Common;C:\Program Files\dotnet\;C:\WINDOWS\Microsoft.NET\Framework\v4.0.30319;C:\HashiCorp\Vagrant\bin;C:\Users\schoo\ninja;C:\Program Files\Git\cmd;C:\Program Files\nodejs\;C:\Program Files\CMake\bin;C:\Users\schoo\java\apache-maven-3.8.4\bin;C:\Users\schoo\AppData\Local\Microsoft\WindowsApps;C:\Users\schoo\AppData\Local\Programs\Microsoft VS Code\bin;C:\Users\schoo\AppData\Local\GitHubDesktop\bin;C:\Users\schoo\AppData\Roaming\Composer\vendor\bin;C:\Program Files\mingw-w64\x86_64-8.1.0-posix-seh-rt_v6-rev0\mingw64\bin;C:\Users\schoo\.dotnet\tools;C:\Program Files\dotnet;C:\Program Files\JetBrains\IntelliJ IDEA Community Edition 2021.3\bin;;C:\Program Files\qemu;C:\Users\schoo\AppData\Roaming\npm;."/>
    <property name="java.vm.info" value="mixed mode, sharing"/>
    <property name="java.vendor" value="Oracle Corporation"/>
    <property name="java.vm.version" value="17.0.1+12-39"/>
    <property name="sun.io.unicode.encoding" value="UnicodeLittle"/>
    <property name="java.class.version" value="61.0"/>
  </properties>
  <testcase name="shouldAnswerWithTrue" classname="com.github.erdragh.app.AppTest" time="0.003"/>
</testsuite>